<?xml version="1.0" encoding="UTF-8"?>
<coverage generated="1612420698">
  <project timestamp="1612420698">
    <package name="Inc\Base">
      <file name="C:\xampp\htdocs\testweb\wordpress\wp-content\plugins\icetable_plugin\inc\Base\Activate.php">
        <class name="Inc\Base\Activate" namespace="Inc\Base" fullPackage="IceTablePlugin" category="PHP_Class" package="IceTablePlugin">
          <metrics complexity="1" methods="1" coveredmethods="1" conditionals="0" coveredconditionals="0" statements="3" coveredstatements="3" elements="4" coveredelements="4"/>
        </class>
        <line num="34" type="method" name="activ" visibility="public" complexity="1" crap="1" count="1"/>
        <line num="35" type="stmt" count="1"/>
        <line num="36" type="stmt" count="1"/>
        <line num="37" type="stmt" count="1"/>
        <metrics loc="38" ncloc="14" classes="1" methods="1" coveredmethods="1" conditionals="0" coveredconditionals="0" statements="3" coveredstatements="3" elements="4" coveredelements="4"/>
      </file>
      <file name="C:\xampp\htdocs\testweb\wordpress\wp-content\plugins\icetable_plugin\inc\Base\ApiLinks.php">
        <class name="Inc\Base\ApiLinks" namespace="Inc\Base" fullPackage="IceTablePlugin" category="PHP_Class" package="IceTablePlugin">
          <metrics complexity="7" methods="5" coveredmethods="2" conditionals="0" coveredconditionals="0" statements="23" coveredstatements="14" elements="28" coveredelements="16"/>
        </class>
        <line num="37" type="method" name="register" visibility="public" complexity="1" crap="1" count="1"/>
        <line num="38" type="stmt" count="1"/>
        <line num="39" type="stmt" count="1"/>
        <line num="40" type="stmt" count="1"/>
        <line num="41" type="stmt" count="1"/>
        <line num="42" type="stmt" count="1"/>
        <line num="43" type="stmt" count="1"/>
        <line num="44" type="stmt" count="1"/>
        <line num="50" type="method" name="apiTableLink" visibility="public" complexity="1" crap="1" count="1"/>
        <line num="51" type="stmt" count="1"/>
        <line num="52" type="stmt" count="1"/>
        <line num="53" type="stmt" count="1"/>
        <line num="54" type="stmt" count="1"/>
        <line num="61" type="method" name="setApiLink" visibility="public" complexity="1" crap="2" count="0"/>
        <line num="62" type="stmt" count="0"/>
        <line num="63" type="stmt" count="0"/>
        <line num="64" type="stmt" count="0"/>
        <line num="70" type="method" name="apiRedirect" visibility="public" complexity="2" crap="2.26" count="1"/>
        <line num="71" type="stmt" count="1"/>
        <line num="72" type="stmt" count="1"/>
        <line num="73" type="stmt" count="0"/>
        <line num="74" type="stmt" count="0"/>
        <line num="76" type="stmt" count="1"/>
        <line num="85" type="method" name="apiRequest" visibility="public" complexity="2" crap="6" count="0"/>
        <line num="86" type="stmt" count="0"/>
        <line num="87" type="stmt" count="0"/>
        <line num="88" type="stmt" count="0"/>
        <line num="90" type="stmt" count="0"/>
        <metrics loc="92" ncloc="45" classes="1" methods="5" coveredmethods="2" conditionals="0" coveredconditionals="0" statements="23" coveredstatements="14" elements="28" coveredelements="16"/>
      </file>
      <file name="C:\xampp\htdocs\testweb\wordpress\wp-content\plugins\icetable_plugin\inc\Base\BaseController.php">
        <class name="Inc\Base\BaseController" namespace="Inc\Base" fullPackage="IceTablePlugin" category="PHP_Class" package="IceTablePlugin">
          <metrics complexity="1" methods="1" coveredmethods="1" conditionals="0" coveredconditionals="0" statements="6" coveredstatements="6" elements="7" coveredelements="7"/>
        </class>
        <line num="38" type="method" name="__construct" visibility="public" complexity="1" crap="1" count="9"/>
        <line num="39" type="stmt" count="9"/>
        <line num="40" type="stmt" count="9"/>
        <line num="41" type="stmt" count="9"/>
        <line num="42" type="stmt" count="9"/>
        <line num="43" type="stmt" count="9"/>
        <line num="44" type="stmt" count="9"/>
        <metrics loc="45" ncloc="21" classes="1" methods="1" coveredmethods="1" conditionals="0" coveredconditionals="0" statements="6" coveredstatements="6" elements="7" coveredelements="7"/>
      </file>
      <file name="C:\xampp\htdocs\testweb\wordpress\wp-content\plugins\icetable_plugin\inc\Base\Deactivate.php">
        <class name="Inc\Base\Deactivate" namespace="Inc\Base">
          <metrics complexity="1" methods="1" coveredmethods="1" conditionals="0" coveredconditionals="0" statements="4" coveredstatements="4" elements="5" coveredelements="5"/>
        </class>
        <line num="35" type="method" name="deactiv" visibility="public" complexity="1" crap="1" count="1"/>
        <line num="36" type="stmt" count="1"/>
        <line num="37" type="stmt" count="1"/>
        <line num="38" type="stmt" count="1"/>
        <line num="39" type="stmt" count="1"/>
        <metrics loc="40" ncloc="16" classes="1" methods="1" coveredmethods="1" conditionals="0" coveredconditionals="0" statements="4" coveredstatements="4" elements="5" coveredelements="5"/>
      </file>
      <file name="C:\xampp\htdocs\testweb\wordpress\wp-content\plugins\icetable_plugin\inc\Base\SettingLinks.php">
        <class name="Inc\Base\SettingLinks" namespace="Inc\Base" fullPackage="IceTablePlugin" category="PHP_Class" package="IceTablePlugin">
          <metrics complexity="2" methods="2" coveredmethods="2" conditionals="0" coveredconditionals="0" statements="7" coveredstatements="7" elements="9" coveredelements="9"/>
        </class>
        <line num="36" type="method" name="register" visibility="public" complexity="1" crap="1" count="1"/>
        <line num="37" type="stmt" count="1"/>
        <line num="38" type="stmt" count="1"/>
        <line num="39" type="stmt" count="1"/>
        <line num="50" type="method" name="settingsLink" visibility="public" complexity="1" crap="1" count="1"/>
        <line num="51" type="stmt" count="1"/>
        <line num="53" type="stmt" count="1"/>
        <line num="54" type="stmt" count="1"/>
        <line num="55" type="stmt" count="1"/>
        <metrics loc="57" ncloc="23" classes="1" methods="2" coveredmethods="2" conditionals="0" coveredconditionals="0" statements="7" coveredstatements="7" elements="9" coveredelements="9"/>
      </file>
    </package>
    <file name="C:\xampp\htdocs\testweb\wordpress\wp-content\plugins\icetable_plugin\inc\Base\index.php">
      <metrics loc="14" ncloc="4" classes="0" methods="0" coveredmethods="0" conditionals="0" coveredconditionals="0" statements="0" coveredstatements="0" elements="0" coveredelements="0"/>
    </file>
    <package name="Inc">
      <file name="C:\xampp\htdocs\testweb\wordpress\wp-content\plugins\icetable_plugin\inc\Init.php">
        <class name="Inc\Init" namespace="Inc" fullPackage="IceTablePlugin" category="PHP_Class" package="IceTablePlugin">
          <metrics complexity="5" methods="3" coveredmethods="0" conditionals="0" coveredconditionals="0" statements="16" coveredstatements="0" elements="19" coveredelements="0"/>
        </class>
        <line num="38" type="method" name="services" visibility="public" complexity="1" crap="2" count="0"/>
        <line num="39" type="stmt" count="0"/>
        <line num="40" type="stmt" count="0"/>
        <line num="41" type="stmt" count="0"/>
        <line num="42" type="stmt" count="0"/>
        <line num="43" type="stmt" count="0"/>
        <line num="51" type="method" name="registerServices" visibility="public" complexity="3" crap="12" count="0"/>
        <line num="52" type="stmt" count="0"/>
        <line num="53" type="stmt" count="0"/>
        <line num="54" type="stmt" count="0"/>
        <line num="55" type="stmt" count="0"/>
        <line num="56" type="stmt" count="0"/>
        <line num="57" type="stmt" count="0"/>
        <line num="58" type="stmt" count="0"/>
        <line num="59" type="stmt" count="0"/>
        <line num="69" type="method" name="instantiate" visibility="private" complexity="1" crap="2" count="0"/>
        <line num="70" type="stmt" count="0"/>
        <line num="71" type="stmt" count="0"/>
        <line num="72" type="stmt" count="0"/>
        <metrics loc="73" ncloc="32" classes="1" methods="3" coveredmethods="0" conditionals="0" coveredconditionals="0" statements="16" coveredstatements="0" elements="19" coveredelements="0"/>
      </file>
    </package>
    <package name="Inc\Pages">
      <file name="C:\xampp\htdocs\testweb\wordpress\wp-content\plugins\icetable_plugin\inc\Pages\Admin.php">
        <class name="Inc\Pages\Admin" namespace="Inc\Pages" fullPackage="IceTablePlugin" category="PHP_Class" package="IceTablePlugin">
          <metrics complexity="7" methods="7" coveredmethods="4" conditionals="0" coveredconditionals="0" statements="43" coveredstatements="26" elements="50" coveredelements="30"/>
        </class>
        <line num="36" type="method" name="register" visibility="public" complexity="1" crap="1" count="1"/>
        <line num="37" type="stmt" count="1"/>
        <line num="38" type="stmt" count="1"/>
        <line num="39" type="stmt" count="1"/>
        <line num="40" type="stmt" count="1"/>
        <line num="41" type="stmt" count="1"/>
        <line num="42" type="stmt" count="1"/>
        <line num="48" type="method" name="addAdminPages" visibility="public" complexity="1" crap="1" count="1"/>
        <line num="49" type="stmt" count="1"/>
        <line num="50" type="stmt" count="1"/>
        <line num="51" type="stmt" count="1"/>
        <line num="52" type="stmt" count="1"/>
        <line num="53" type="stmt" count="1"/>
        <line num="54" type="stmt" count="1"/>
        <line num="55" type="stmt" count="1"/>
        <line num="56" type="stmt" count="1"/>
        <line num="58" type="stmt" count="1"/>
        <line num="64" type="method" name="adminIndex" visibility="public" complexity="1" crap="2" count="0"/>
        <line num="65" type="stmt" count="0"/>
        <line num="67" type="stmt" count="0"/>
        <line num="71" type="stmt" count="0"/>
        <line num="72" type="stmt" count="0"/>
        <line num="73" type="stmt" count="0"/>
        <line num="75" type="stmt" count="0"/>
        <line num="78" type="stmt" count="0"/>
        <line num="84" type="method" name="setupSections" visibility="public" complexity="1" crap="2" count="0"/>
        <line num="85" type="stmt" count="0"/>
        <line num="86" type="stmt" count="0"/>
        <line num="87" type="stmt" count="0"/>
        <line num="88" type="stmt" count="0"/>
        <line num="89" type="stmt" count="0"/>
        <line num="90" type="stmt" count="0"/>
        <line num="92" type="stmt" count="0"/>
        <line num="98" type="method" name="sectionCallback" visibility="public" complexity="1" crap="2" count="0"/>
        <line num="99" type="stmt" count="0"/>
        <line num="100" type="stmt" count="0"/>
        <line num="101" type="stmt" count="0"/>
        <line num="107" type="method" name="setupFields" visibility="public" complexity="1" crap="1" count="1"/>
        <line num="108" type="stmt" count="1"/>
        <line num="109" type="stmt" count="1"/>
        <line num="110" type="stmt" count="1"/>
        <line num="111" type="stmt" count="1"/>
        <line num="112" type="stmt" count="1"/>
        <line num="113" type="stmt" count="1"/>
        <line num="114" type="stmt" count="1"/>
        <line num="116" type="stmt" count="1"/>
        <line num="122" type="method" name="fieldCallback" visibility="public" complexity="1" crap="1" count="1"/>
        <line num="123" type="stmt" count="1"/>
        <line num="125" type="stmt" count="1"/>
        <line num="126" type="stmt" count="1"/>
        <metrics loc="127" ncloc="73" classes="1" methods="7" coveredmethods="4" conditionals="0" coveredconditionals="0" statements="43" coveredstatements="26" elements="50" coveredelements="30"/>
      </file>
    </package>
    <file name="C:\xampp\htdocs\testweb\wordpress\wp-content\plugins\icetable_plugin\inc\Pages\index.php">
      <metrics loc="14" ncloc="4" classes="0" methods="0" coveredmethods="0" conditionals="0" coveredconditionals="0" statements="0" coveredstatements="0" elements="0" coveredelements="0"/>
    </file>
    <file name="C:\xampp\htdocs\testweb\wordpress\wp-content\plugins\icetable_plugin\inc\index.php">
      <metrics loc="14" ncloc="4" classes="0" methods="0" coveredmethods="0" conditionals="0" coveredconditionals="0" statements="0" coveredstatements="0" elements="0" coveredelements="0"/>
    </file>
    <metrics files="10" loc="514" ncloc="236" classes="7" methods="20" coveredmethods="11" conditionals="0" coveredconditionals="0" statements="102" coveredstatements="60" elements="122" coveredelements="71"/>
  </project>
</coverage>
